Using pre-set license
Built from '2020.3/staging' branch; Version is '2020.3.18f1 (a7d1c678663c) revision 10998214'; Using compiler version '192528614'; Build Type 'Release'
OS: 'Windows 10 Pro; OS build 19043.1348; Version 2009; 64bit' Language: 'ru' Physical Memory: 16272 MB
BatchMode: 1, IsHumanControllingUs: 0, StartBugReporterOnCrash: 0, Is64bit: 1, IsPro: 0

COMMAND LINE ARGUMENTS:
C:\Unity\2020.3.18f1\Editor\Unity.exe
-adb2
-batchMode
-noUpm
-name
AssetImportWorker0
-projectPath
C:/Unity/Beresnev-Assignment2D
-logFile
Logs/AssetImportWorker0.log
-srvPort
52484
Successfully changed project path to: C:/Unity/Beresnev-Assignment2D
C:/Unity/Beresnev-Assignment2D
Using Asset Import Pipeline V2.
Refreshing native plugins compatible for Editor in 63.87 ms, found 3 plugins.
Preloading 0 native plugins for Editor in 0.00 ms.
Initialize engine version: 2020.3.18f1 (a7d1c678663c)
[Subsystems] Discovering subsystems at path C:/Unity/2020.3.18f1/Editor/Data/Resources/UnitySubsystems
[Subsystems] Discovering subsystems at path C:/Unity/Beresnev-Assignment2D/Assets
GfxDevice: creating device client; threaded=0
Direct3D:
    Version:  Direct3D 11.0 [level 11.1]
    Renderer: NVIDIA Quadro P2000 (ID=0x1c30)
    Vendor:   
    VRAM:     5032 MB
    Driver:   30.0.14.9649
Initialize mono
Mono path[0] = 'C:/Unity/2020.3.18f1/Editor/Data/Managed'
Mono path[1] = 'C:/Unity/2020.3.18f1/Editor/Data/MonoBleedingEdge/lib/mono/unityjit'
Mono config path = 'C:/Unity/2020.3.18f1/Editor/Data/MonoBleedingEdge/etc'
Using monoOptions --debugger-agent=transport=dt_socket,embedding=1,server=y,suspend=n,address=127.0.0.1:56688
Begin MonoManager ReloadAssembly
Registering precompiled unity dll's ...
Register platform support module: C:/Unity/2020.3.18f1/Editor/Data/PlaybackEngines/WebGLSupport/UnityEditor.WebGL.Extensions.dll
Register platform support module: C:/Unity/2020.3.18f1/Editor/Data/PlaybackEngines/WindowsStandaloneSupport/UnityEditor.WindowsStandalone.Extensions.dll
Registered in 0.002195 seconds.
Native extension for WindowsStandalone target not found
Native extension for WebGL target not found
Refreshing native plugins compatible for Editor in 66.60 ms, found 3 plugins.
Preloading 0 native plugins for Editor in 0.00 ms.
Mono: successfully reloaded assembly
- Completed reload, in  1.858 seconds
Domain Reload Profiling:
	ReloadAssembly (1858ms)
		BeginReloadAssembly (49ms)
			ExecutionOrderSort (0ms)
			DisableScriptedObjects (0ms)
			BackupInstance (0ms)
			ReleaseScriptingObjects (0ms)
			CreateAndSetChildDomain (1ms)
		EndReloadAssembly (413ms)
			LoadAssemblies (47ms)
			RebuildTransferFunctionScriptingTraits (0ms)
			SetupTypeCache (134ms)
			ReleaseScriptCaches (0ms)
			RebuildScriptCaches (28ms)
			SetupLoadedEditorAssemblies (185ms)
				LogAssemblyErrors (0ms)
				InitializePlatformSupportModulesInManaged (4ms)
				SetLoadedEditorAssemblies (0ms)
				RefreshPlugins (67ms)
				BeforeProcessingInitializeOnLoad (16ms)
				ProcessInitializeOnLoadAttributes (73ms)
				ProcessInitializeOnLoadMethodAttributes (25ms)
				AfterProcessingInitializeOnLoad (0ms)
				EditorAssembliesLoaded (0ms)
			ExecutionOrderSort2 (0ms)
			AwakeInstancesAfterBackupRestoration (0ms)
Platform modules already initialized, skipping
Registering precompiled user dll's ...
Registered in 0.003353 seconds.
Begin MonoManager ReloadAssembly
Native extension for WindowsStandalone target not found
Native extension for WebGL target not found
Refreshing native plugins compatible for Editor in 66.50 ms, found 3 plugins.
Preloading 0 native plugins for Editor in 0.00 ms.
Mono: successfully reloaded assembly
- Completed reload, in  1.066 seconds
Domain Reload Profiling:
	ReloadAssembly (1067ms)
		BeginReloadAssembly (134ms)
			ExecutionOrderSort (0ms)
			DisableScriptedObjects (4ms)
			BackupInstance (0ms)
			ReleaseScriptingObjects (0ms)
			CreateAndSetChildDomain (18ms)
		EndReloadAssembly (872ms)
			LoadAssemblies (82ms)
			RebuildTransferFunctionScriptingTraits (0ms)
			SetupTypeCache (266ms)
			ReleaseScriptCaches (0ms)
			RebuildScriptCaches (44ms)
			SetupLoadedEditorAssemblies (361ms)
				LogAssemblyErrors (0ms)
				InitializePlatformSupportModulesInManaged (5ms)
				SetLoadedEditorAssemblies (0ms)
				RefreshPlugins (67ms)
				BeforeProcessingInitializeOnLoad (76ms)
				ProcessInitializeOnLoadAttributes (194ms)
				ProcessInitializeOnLoadMethodAttributes (12ms)
				AfterProcessingInitializeOnLoad (7ms)
				EditorAssembliesLoaded (0ms)
			ExecutionOrderSort2 (0ms)
			AwakeInstancesAfterBackupRestoration (7ms)
Platform modules already initialized, skipping
========================================================================
Worker process is ready to serve import requests
Launched and connected shader compiler UnityShaderCompiler.exe after 0.06 seconds
Refreshing native plugins compatible for Editor in 0.64 ms, found 3 plugins.
Preloading 0 native plugins for Editor in 0.00 ms.
Unloading 2135 Unused Serialized files (Serialized files now loaded: 0)
System memory in use before: 99.3 MB.
System memory in use after: 99.4 MB.

Unloading 26 unused Assets to reduce memory usage. Loaded Objects now: 2575.
Total: 3.439700 ms (FindLiveObjects: 0.288300 ms CreateObjectMapping: 0.087200 ms MarkObjects: 2.926000 ms  DeleteObjects: 0.137300 ms)

AssetImportParameters requested are different than current active one (requested -> active):
  custom:framework-win-MediaFoundation: 216162199b28c13a410421893ffa2e32 -> 
  custom:video-decoder-ogg-theora: a1e56fd34408186e4bbccfd4996cb3dc -> 
  custom:container-muxer-webm: aa71ff27fc2769a1b78a27578f13a17b -> 
  custom:container-demuxer-webm: 4f35f7cbe854078d1ac9338744f61a02 -> 
  custom:container-demuxer-ogg: 62fdf1f143b41e24485cea50d1cbac27 -> 
  custom:video-encoder-webm-vp8: eb34c28f22e8b96e1ab97ce403110664 -> 
  custom:video-decoder-webm-vp8: 9c59270c3fd7afecdb556c50c9e8de78 -> 
  custom:audio-decoder-ogg-vorbis: bf7c407c2cedff20999df2af8eb42d56 -> 
  custom:audio-encoder-webm-vorbis: bf7c407c2cedff20999df2af8eb42d56 -> 
========================================================================
Received Import Request.
  path: Assets/GUI PRO Kit - Casual Game/GameObject.prefab
  artifactKey: Guid(b4f95a891ed1f6646ad73b98740f580e) Importer(815301076,1909f56bfc062723c751e8b465ee728b)
Start importing Assets/GUI PRO Kit - Casual Game/GameObject.prefab using Guid(b4f95a891ed1f6646ad73b98740f580e) Importer(815301076,1909f56bfc062723c751e8b465ee728b)  -> (artifact id: '1a7cf496c7e165d28b46038e4a8e514a') in 0.195215 seconds 
  Import took 0.199804 seconds .

========================================================================
Received Import Request.
  Time since last request: 1.229642 seconds.
  path: Assets/GUI PRO Kit - Casual Game/GameObject.prefab
  artifactKey: Guid(b4f95a891ed1f6646ad73b98740f580e) Importer(815301076,1909f56bfc062723c751e8b465ee728b)
Start importing Assets/GUI PRO Kit - Casual Game/GameObject.prefab using Guid(b4f95a891ed1f6646ad73b98740f580e) Importer(815301076,1909f56bfc062723c751e8b465ee728b)  -> (artifact id: '1a7cf496c7e165d28b46038e4a8e514a') in 0.044661 seconds 
  Import took 0.048673 seconds .

========================================================================
Received Import Request.
  Time since last request: 37.251175 seconds.
  path: Assets/Scripts/Data/SaveData.cs
  artifactKey: Guid(1a7b29e4d3e9c384fba9d36a790689d7) Importer(815301076,1909f56bfc062723c751e8b465ee728b)
Start importing Assets/Scripts/Data/SaveData.cs using Guid(1a7b29e4d3e9c384fba9d36a790689d7) Importer(815301076,1909f56bfc062723c751e8b465ee728b)  -> (artifact id: '4a0890de2738d155c8668b9a9e9020ab') in 0.022528 seconds 
  Import took 0.028270 seconds .

========================================================================
Received Import Request.
  Time since last request: 0.003223 seconds.
  path: Assets/Scripts/Ball/BallView.cs
  artifactKey: Guid(8b42fdba82cc9d1428b723725a0d44cc) Importer(815301076,1909f56bfc062723c751e8b465ee728b)
Start importing Assets/Scripts/Ball/BallView.cs using Guid(8b42fdba82cc9d1428b723725a0d44cc) Importer(815301076,1909f56bfc062723c751e8b465ee728b)  -> (artifact id: '533eb9fbea96410b302f545b26051229') in 0.007557 seconds 
  Import took 0.014988 seconds .

========================================================================
Received Import Request.
  Time since last request: 0.003556 seconds.
  path: Assets/Scripts/Ball/GlobalBallChanger.cs
  artifactKey: Guid(2c5e992e50bfb2b40b60d44f1d444b1e) Importer(815301076,1909f56bfc062723c751e8b465ee728b)
Start importing Assets/Scripts/Ball/GlobalBallChanger.cs using Guid(2c5e992e50bfb2b40b60d44f1d444b1e) Importer(815301076,1909f56bfc062723c751e8b465ee728b)  -> (artifact id: '5f15862373e5279a841edfbe6de74b62') in 0.005111 seconds 
  Import took 0.008923 seconds .

========================================================================
Received Import Request.
  Time since last request: 0.062027 seconds.
  path: Assets/Scripts/Ball/BasicBallCollisionResponse.cs
  artifactKey: Guid(a35f6e3c5ead1344394054368d390791) Importer(815301076,1909f56bfc062723c751e8b465ee728b)
Start importing Assets/Scripts/Ball/BasicBallCollisionResponse.cs using Guid(a35f6e3c5ead1344394054368d390791) Importer(815301076,1909f56bfc062723c751e8b465ee728b)  -> (artifact id: 'f58b90f712724b2b8e33bd668a693b3a') in 0.004776 seconds 
  Import took 0.008311 seconds .

========================================================================
Received Import Request.
  Time since last request: 0.014936 seconds.
  path: Assets/Scripts/Ball/IBallView.cs
  artifactKey: Guid(2026f247f31fdef4287a663d7f51e462) Importer(815301076,1909f56bfc062723c751e8b465ee728b)
Start importing Assets/Scripts/Ball/IBallView.cs using Guid(2026f247f31fdef4287a663d7f51e462) Importer(815301076,1909f56bfc062723c751e8b465ee728b)  -> (artifact id: 'f70e79a56ff8b1be8dfda17e72f53868') in 0.004830 seconds 
  Import took 0.007939 seconds .

========================================================================
Received Import Request.
  Time since last request: 0.005701 seconds.
  path: Assets/TextMesh Pro/Shaders/TMP_SDF.shader
  artifactKey: Guid(68e6db2ebdc24f95958faec2be5558d6) Importer(815301076,1909f56bfc062723c751e8b465ee728b)
Start importing Assets/TextMesh Pro/Shaders/TMP_SDF.shader using Guid(68e6db2ebdc24f95958faec2be5558d6) Importer(815301076,1909f56bfc062723c751e8b465ee728b)  -> (artifact id: 'f31a248e9c228b6165051cc6ce5bfabc') in 0.006471 seconds 
  Import took 0.009734 seconds .

========================================================================
Received Import Request.
  Time since last request: 0.004735 seconds.
  path: Assets/TextMesh Pro/Shaders/TMPro.cginc
  artifactKey: Guid(407bc68d299748449bbf7f48ee690f8d) Importer(815301076,1909f56bfc062723c751e8b465ee728b)
Start importing Assets/TextMesh Pro/Shaders/TMPro.cginc using Guid(407bc68d299748449bbf7f48ee690f8d) Importer(815301076,1909f56bfc062723c751e8b465ee728b)  -> (artifact id: 'a7b84941a55f9012bae7f955040ccce9') in 0.010217 seconds 
  Import took 0.014556 seconds .

========================================================================
Received Import Request.
  Time since last request: 0.032002 seconds.
  path: Assets/Scripts/UI/ScoreUI.cs
  artifactKey: Guid(cc910c94879426c40a6e725e255fbafe) Importer(815301076,1909f56bfc062723c751e8b465ee728b)
Start importing Assets/Scripts/UI/ScoreUI.cs using Guid(cc910c94879426c40a6e725e255fbafe) Importer(815301076,1909f56bfc062723c751e8b465ee728b)  -> (artifact id: '25e7035b0b32b4fae7196945c7be074c') in 0.004845 seconds 
  Import took 0.012827 seconds .

========================================================================
Received Import Request.
  Time since last request: 0.024125 seconds.
  path: Assets/Scripts/Ball/IBallCollisionResponse.cs
  artifactKey: Guid(528617c646e7d004e9b1906444c8bb69) Importer(815301076,1909f56bfc062723c751e8b465ee728b)
Start importing Assets/Scripts/Ball/IBallCollisionResponse.cs using Guid(528617c646e7d004e9b1906444c8bb69) Importer(815301076,1909f56bfc062723c751e8b465ee728b)  -> (artifact id: 'ab45e1bc48f9dbe925c187aac03f75ad') in 0.004766 seconds 
  Import took 0.008705 seconds .

========================================================================
Received Import Request.
  Time since last request: 0.005061 seconds.
  path: Assets/Scripts/UI/Panels/BallCreationPanelUI.cs
  artifactKey: Guid(ec305148ce3fd8b44aa27c00986cfc60) Importer(815301076,1909f56bfc062723c751e8b465ee728b)
Start importing Assets/Scripts/UI/Panels/BallCreationPanelUI.cs using Guid(ec305148ce3fd8b44aa27c00986cfc60) Importer(815301076,1909f56bfc062723c751e8b465ee728b)  -> (artifact id: '88df17b39547601033ad304fb870b3b9') in 0.004727 seconds 
  Import took 0.008747 seconds .

========================================================================
Received Import Request.
  Time since last request: 0.010145 seconds.
  path: Assets/Scripts/Ball/BallCreator.cs
  artifactKey: Guid(b87741a7aa1d4414cbe5d20693f7c653) Importer(815301076,1909f56bfc062723c751e8b465ee728b)
Start importing Assets/Scripts/Ball/BallCreator.cs using Guid(b87741a7aa1d4414cbe5d20693f7c653) Importer(815301076,1909f56bfc062723c751e8b465ee728b)  -> (artifact id: '00518128f4310e1f9843715a1a4c749f') in 0.004714 seconds 
  Import took 0.008649 seconds .

========================================================================
Received Import Request.
  Time since last request: 0.022797 seconds.
  path: Assets/Scripts/Player/PlayerPlatform.cs
  artifactKey: Guid(84505fe8948362f4c93a6b0151e09071) Importer(815301076,1909f56bfc062723c751e8b465ee728b)
Start importing Assets/Scripts/Player/PlayerPlatform.cs using Guid(84505fe8948362f4c93a6b0151e09071) Importer(815301076,1909f56bfc062723c751e8b465ee728b)  -> (artifact id: '34ffb63ebeb6dfa9151c0fa2d02c6469') in 0.004820 seconds 
  Import took 0.008008 seconds .

========================================================================
Received Import Request.
  Time since last request: 0.013947 seconds.
  path: Assets/Scripts/Input/InputHandler.cs
  artifactKey: Guid(53bf102cba671c44ea6c2620a7208b97) Importer(815301076,1909f56bfc062723c751e8b465ee728b)
Start importing Assets/Scripts/Input/InputHandler.cs using Guid(53bf102cba671c44ea6c2620a7208b97) Importer(815301076,1909f56bfc062723c751e8b465ee728b)  -> (artifact id: '0b8397fb8547640a423c778ab71fb4c6') in 0.004786 seconds 
  Import took 0.009020 seconds .

========================================================================
Received Import Request.
  Time since last request: 0.004938 seconds.
  path: Assets/Scripts/Ball/Ball.cs
  artifactKey: Guid(e2adce25144a7af43bd97d099863fbb6) Importer(815301076,1909f56bfc062723c751e8b465ee728b)
Start importing Assets/Scripts/Ball/Ball.cs using Guid(e2adce25144a7af43bd97d099863fbb6) Importer(815301076,1909f56bfc062723c751e8b465ee728b)  -> (artifact id: '20b34a99e1b812b8cea1288a8c2069cc') in 0.005222 seconds 
  Import took 0.009748 seconds .

========================================================================
Received Import Request.
  Time since last request: 0.004952 seconds.
  path: Assets/Scripts/Ball/BallSettingsUI.cs
  artifactKey: Guid(1ba8c36164ed0ed42a3063f5d48431bc) Importer(815301076,1909f56bfc062723c751e8b465ee728b)
Start importing Assets/Scripts/Ball/BallSettingsUI.cs using Guid(1ba8c36164ed0ed42a3063f5d48431bc) Importer(815301076,1909f56bfc062723c751e8b465ee728b)  -> (artifact id: 'a9aa0bde2c501c32d80e1fade52a6bc5') in 0.004887 seconds 
  Import took 0.009089 seconds .

========================================================================
Received Import Request.
  Time since last request: 0.005058 seconds.
  path: Assets/GUI PRO Kit - Fantasy RPG/Scripts/PanelControlFantasyRPG.cs
  artifactKey: Guid(bf55aa2c0d7914b348b9d193f622141c) Importer(815301076,1909f56bfc062723c751e8b465ee728b)
Start importing Assets/GUI PRO Kit - Fantasy RPG/Scripts/PanelControlFantasyRPG.cs using Guid(bf55aa2c0d7914b348b9d193f622141c) Importer(815301076,1909f56bfc062723c751e8b465ee728b)  -> (artifact id: 'eeecac8fd375446fbe72c5e57f147827') in 0.004816 seconds 
  Import took 0.007996 seconds .

========================================================================
Received Import Request.
  Time since last request: 0.005039 seconds.
  path: Assets/Scripts/UI/Panels/BallsToChoosePanelUI.cs
  artifactKey: Guid(889ee5cea2165c14b964297f3faad815) Importer(815301076,1909f56bfc062723c751e8b465ee728b)
Start importing Assets/Scripts/UI/Panels/BallsToChoosePanelUI.cs using Guid(889ee5cea2165c14b964297f3faad815) Importer(815301076,1909f56bfc062723c751e8b465ee728b)  -> (artifact id: 'b5880d4ba4e6249e57f439a04c039a1f') in 0.004985 seconds 
  Import took 0.008574 seconds .

========================================================================
Received Import Request.
  Time since last request: 0.016814 seconds.
  path: Assets/Scripts/Data/DataController.cs
  artifactKey: Guid(1723d18745d3b1b4db66eda326e63753) Importer(815301076,1909f56bfc062723c751e8b465ee728b)
Start importing Assets/Scripts/Data/DataController.cs using Guid(1723d18745d3b1b4db66eda326e63753) Importer(815301076,1909f56bfc062723c751e8b465ee728b)  -> (artifact id: 'cd381cfa44f24fc6f765f8ad8e68bbaa') in 0.004731 seconds 
  Import took 0.007911 seconds .

========================================================================
Received Import Request.
  Time since last request: 0.005124 seconds.
  path: Assets/Scripts/GameManager.cs
  artifactKey: Guid(57d8fb7f139052941b466d9732f417db) Importer(815301076,1909f56bfc062723c751e8b465ee728b)
Start importing Assets/Scripts/GameManager.cs using Guid(57d8fb7f139052941b466d9732f417db) Importer(815301076,1909f56bfc062723c751e8b465ee728b)  -> (artifact id: 'fc37c501ccd72d6da07f4d33b02e8704') in 0.004717 seconds 
  Import took 0.007862 seconds .

========================================================================
Received Import Request.
  Time since last request: 0.009666 seconds.
  path: Assets/TextMesh Pro/Shaders/TMP_Bitmap-Custom-Atlas.shader
  artifactKey: Guid(48bb5f55d8670e349b6e614913f9d910) Importer(815301076,1909f56bfc062723c751e8b465ee728b)
Start importing Assets/TextMesh Pro/Shaders/TMP_Bitmap-Custom-Atlas.shader using Guid(48bb5f55d8670e349b6e614913f9d910) Importer(815301076,1909f56bfc062723c751e8b465ee728b)  -> (artifact id: '17f33076598a1af71c57cde25e3a7889') in 0.004873 seconds 
  Import took 0.008767 seconds .

========================================================================
Received Import Request.
  Time since last request: 0.005216 seconds.
  path: Assets/Scripts/UI/UIManager.cs
  artifactKey: Guid(a762e500751961e44a94f7a2ace59abf) Importer(815301076,1909f56bfc062723c751e8b465ee728b)
Start importing Assets/Scripts/UI/UIManager.cs using Guid(a762e500751961e44a94f7a2ace59abf) Importer(815301076,1909f56bfc062723c751e8b465ee728b)  -> (artifact id: 'a22a4ee066b92f44be920309018438f1') in 0.004719 seconds 
  Import took 0.008519 seconds .

========================================================================
Received Import Request.
  Time since last request: 0.005415 seconds.
  path: Assets/TextMesh Pro/Shaders/TMPro_Properties.cginc
  artifactKey: Guid(3997e2241185407d80309a82f9148466) Importer(815301076,1909f56bfc062723c751e8b465ee728b)
Start importing Assets/TextMesh Pro/Shaders/TMPro_Properties.cginc using Guid(3997e2241185407d80309a82f9148466) Importer(815301076,1909f56bfc062723c751e8b465ee728b)  -> (artifact id: '25b87a6c906e2ff6005352074e70dba6') in 0.008570 seconds 
  Import took 0.012599 seconds .

========================================================================
Received Import Request.
  Time since last request: 0.005739 seconds.
  path: Assets/Scripts/Ball/IBallMover.cs
  artifactKey: Guid(1f00a8cd005101a45b0c0ce1c04a310a) Importer(815301076,1909f56bfc062723c751e8b465ee728b)
Start importing Assets/Scripts/Ball/IBallMover.cs using Guid(1f00a8cd005101a45b0c0ce1c04a310a) Importer(815301076,1909f56bfc062723c751e8b465ee728b)  -> (artifact id: 'af37845894119e07167517b6075e394f') in 0.004747 seconds 
  Import took 0.008580 seconds .

========================================================================
Received Import Request.
  Time since last request: 0.014171 seconds.
  path: Assets/GUI PRO Kit - Fantasy RPG/Scripts/PanelFantasyRPG.cs
  artifactKey: Guid(9a00128818eda43dfaa959b83527b255) Importer(815301076,1909f56bfc062723c751e8b465ee728b)
Start importing Assets/GUI PRO Kit - Fantasy RPG/Scripts/PanelFantasyRPG.cs using Guid(9a00128818eda43dfaa959b83527b255) Importer(815301076,1909f56bfc062723c751e8b465ee728b)  -> (artifact id: 'a669e64115737dd7de45c46bdebbde6e') in 0.004927 seconds 
  Import took 0.008335 seconds .

========================================================================
Received Import Request.
  Time since last request: 0.027165 seconds.
  path: Assets/Scripts/Ball/BallStats.cs
  artifactKey: Guid(8c3df6d690dc6db4ca62bc76d7b9ecfe) Importer(815301076,1909f56bfc062723c751e8b465ee728b)
Start importing Assets/Scripts/Ball/BallStats.cs using Guid(8c3df6d690dc6db4ca62bc76d7b9ecfe) Importer(815301076,1909f56bfc062723c751e8b465ee728b)  -> (artifact id: '167bfa6429fbd143561e0b9c4aa33b15') in 0.005417 seconds 
  Import took 0.010317 seconds .

========================================================================
Received Import Request.
  Time since last request: 0.005879 seconds.
  path: Assets/Scripts/Ball/BallMover.cs
  artifactKey: Guid(45251a6a023a10d4490fa80469e77782) Importer(815301076,1909f56bfc062723c751e8b465ee728b)
Start importing Assets/Scripts/Ball/BallMover.cs using Guid(45251a6a023a10d4490fa80469e77782) Importer(815301076,1909f56bfc062723c751e8b465ee728b)  -> (artifact id: 'fccbf2331e9c90e34bc5e8c73d36d5c0') in 0.005217 seconds 
  Import took 0.009468 seconds .

========================================================================
Received Prepare
Registering precompiled user dll's ...
Registered in 0.003948 seconds.
Begin MonoManager ReloadAssembly
Native extension for WindowsStandalone target not found
Native extension for WebGL target not found
Refreshing native plugins compatible for Editor in 0.43 ms, found 3 plugins.
Preloading 0 native plugins for Editor in 0.00 ms.
Mono: successfully reloaded assembly
- Completed reload, in  1.027 seconds
Domain Reload Profiling:
	ReloadAssembly (1027ms)
		BeginReloadAssembly (108ms)
			ExecutionOrderSort (0ms)
			DisableScriptedObjects (6ms)
			BackupInstance (0ms)
			ReleaseScriptingObjects (0ms)
			CreateAndSetChildDomain (35ms)
		EndReloadAssembly (855ms)
			LoadAssemblies (83ms)
			RebuildTransferFunctionScriptingTraits (0ms)
			SetupTypeCache (284ms)
			ReleaseScriptCaches (1ms)
			RebuildScriptCaches (64ms)
			SetupLoadedEditorAssemblies (301ms)
				LogAssemblyErrors (0ms)
				InitializePlatformSupportModulesInManaged (9ms)
				SetLoadedEditorAssemblies (1ms)
				RefreshPlugins (1ms)
				BeforeProcessingInitializeOnLoad (86ms)
				ProcessInitializeOnLoadAttributes (194ms)
				ProcessInitializeOnLoadMethodAttributes (5ms)
				AfterProcessingInitializeOnLoad (6ms)
				EditorAssembliesLoaded (0ms)
			ExecutionOrderSort2 (0ms)
			AwakeInstancesAfterBackupRestoration (10ms)
Platform modules already initialized, skipping
Switching build target platform(19) subTarget(0) extendedPlatform(0) -> platform(13) subTarget(537395200) extendedPlatform(0)
Refreshing native plugins compatible for Editor in 0.43 ms, found 3 plugins.
Preloading 0 native plugins for Editor in 0.00 ms.
Unloading 2104 Unused Serialized files (Serialized files now loaded: 0)
System memory in use before: 96.8 MB.
System memory in use after: 96.9 MB.

Unloading 24 unused Assets to reduce memory usage. Loaded Objects now: 2574.
Total: 2.973100 ms (FindLiveObjects: 0.165900 ms CreateObjectMapping: 0.072100 ms MarkObjects: 2.694000 ms  DeleteObjects: 0.039900 ms)

AssetImportParameters requested are different than current active one (requested -> active):
  custom:framework-win-MediaFoundation: 216162199b28c13a410421893ffa2e32 -> 
  custom:video-decoder-ogg-theora: a1e56fd34408186e4bbccfd4996cb3dc -> 
  custom:container-muxer-webm: aa71ff27fc2769a1b78a27578f13a17b -> 
  custom:container-demuxer-webm: 4f35f7cbe854078d1ac9338744f61a02 -> 
  custom:container-demuxer-ogg: 62fdf1f143b41e24485cea50d1cbac27 -> 
  custom:video-encoder-webm-vp8: eb34c28f22e8b96e1ab97ce403110664 -> 
  custom:video-decoder-webm-vp8: 9c59270c3fd7afecdb556c50c9e8de78 -> 
  custom:graphics/normal-map-encoding: 01000000000000000000000000000000 -> 02000000000000000000000000000000
  custom:audio-decoder-ogg-vorbis: bf7c407c2cedff20999df2af8eb42d56 -> 
  custom:audio-encoder-webm-vorbis: bf7c407c2cedff20999df2af8eb42d56 -> 
========================================================================
Received Prepare
Registering precompiled user dll's ...
Registered in 0.003088 seconds.
Begin MonoManager ReloadAssembly
Native extension for WindowsStandalone target not found
Native extension for WebGL target not found
Refreshing native plugins compatible for Editor in 0.41 ms, found 3 plugins.
Preloading 0 native plugins for Editor in 0.00 ms.
Mono: successfully reloaded assembly
- Completed reload, in  0.967 seconds
Domain Reload Profiling:
	ReloadAssembly (968ms)
		BeginReloadAssembly (108ms)
			ExecutionOrderSort (0ms)
			DisableScriptedObjects (6ms)
			BackupInstance (0ms)
			ReleaseScriptingObjects (0ms)
			CreateAndSetChildDomain (34ms)
		EndReloadAssembly (799ms)
			LoadAssemblies (91ms)
			RebuildTransferFunctionScriptingTraits (0ms)
			SetupTypeCache (297ms)
			ReleaseScriptCaches (1ms)
			RebuildScriptCaches (39ms)
			SetupLoadedEditorAssemblies (265ms)
				LogAssemblyErrors (0ms)
				InitializePlatformSupportModulesInManaged (5ms)
				SetLoadedEditorAssemblies (0ms)
				RefreshPlugins (0ms)
				BeforeProcessingInitializeOnLoad (74ms)
				ProcessInitializeOnLoadAttributes (175ms)
				ProcessInitializeOnLoadMethodAttributes (4ms)
				AfterProcessingInitializeOnLoad (6ms)
				EditorAssembliesLoaded (0ms)
			ExecutionOrderSort2 (0ms)
			AwakeInstancesAfterBackupRestoration (9ms)
Platform modules already initialized, skipping
Switching build target platform(19) subTarget(0) extendedPlatform(0) -> platform(13) subTarget(537395200) extendedPlatform(0)
Refreshing native plugins compatible for Editor in 0.40 ms, found 3 plugins.
Preloading 0 native plugins for Editor in 0.00 ms.
Unloading 2106 Unused Serialized files (Serialized files now loaded: 0)
System memory in use before: 96.8 MB.
System memory in use after: 96.9 MB.

Unloading 14 unused Assets to reduce memory usage. Loaded Objects now: 2579.
Total: 3.238900 ms (FindLiveObjects: 0.182700 ms CreateObjectMapping: 0.065400 ms MarkObjects: 2.941300 ms  DeleteObjects: 0.048500 ms)

AssetImportParameters requested are different than current active one (requested -> active):
  custom:framework-win-MediaFoundation: 216162199b28c13a410421893ffa2e32 -> 
  custom:video-decoder-ogg-theora: a1e56fd34408186e4bbccfd4996cb3dc -> 
  custom:container-muxer-webm: aa71ff27fc2769a1b78a27578f13a17b -> 
  custom:container-demuxer-webm: 4f35f7cbe854078d1ac9338744f61a02 -> 
  custom:container-demuxer-ogg: 62fdf1f143b41e24485cea50d1cbac27 -> 
  custom:video-encoder-webm-vp8: eb34c28f22e8b96e1ab97ce403110664 -> 
  custom:video-decoder-webm-vp8: 9c59270c3fd7afecdb556c50c9e8de78 -> 
  custom:graphics/normal-map-encoding: 01000000000000000000000000000000 -> 02000000000000000000000000000000
  custom:audio-decoder-ogg-vorbis: bf7c407c2cedff20999df2af8eb42d56 -> 
  custom:audio-encoder-webm-vorbis: bf7c407c2cedff20999df2af8eb42d56 -> 
========================================================================
Received Import Request.
  Time since last request: 81.533518 seconds.
  path: Assets/GUI PRO Kit - Fantasy RPG/ResourcesData
  artifactKey: Guid(716c8e00a16284ff0af1d638f537f529) Importer(815301076,1909f56bfc062723c751e8b465ee728b)
Start importing Assets/GUI PRO Kit - Fantasy RPG/ResourcesData using Guid(716c8e00a16284ff0af1d638f537f529) Importer(815301076,1909f56bfc062723c751e8b465ee728b)  -> (artifact id: '08b7c8ca0c669f2b596b66c80eac283a') in 0.008077 seconds 
  Import took 0.012340 seconds .

========================================================================
Received Import Request.
  Time since last request: 1.747226 seconds.
  path: Assets/GUI PRO Kit - Fantasy RPG/ResourcesData/Fonts
  artifactKey: Guid(9dcf4bfa88ffa4f1db6b36ca63b6cfab) Importer(815301076,1909f56bfc062723c751e8b465ee728b)
Start importing Assets/GUI PRO Kit - Fantasy RPG/ResourcesData/Fonts using Guid(9dcf4bfa88ffa4f1db6b36ca63b6cfab) Importer(815301076,1909f56bfc062723c751e8b465ee728b)  -> (artifact id: 'b47d10502ef941c418cbef21ef44d321') in 0.005895 seconds 
  Import took 0.010291 seconds .

========================================================================
Received Import Request.
  Time since last request: 4.020765 seconds.
  path: Assets/GUI PRO Kit - Fantasy RPG/ResourcesData/Sprites
  artifactKey: Guid(a35044c25f6f048b4934c879106e2093) Importer(815301076,1909f56bfc062723c751e8b465ee728b)
Start importing Assets/GUI PRO Kit - Fantasy RPG/ResourcesData/Sprites using Guid(a35044c25f6f048b4934c879106e2093) Importer(815301076,1909f56bfc062723c751e8b465ee728b)  -> (artifact id: '2fbcaf682c6942c0c9c0927dfbf75ba7') in 0.005292 seconds 
  Import took 0.008529 seconds .

========================================================================
Received Import Request.
  Time since last request: 0.870899 seconds.
  path: Assets/GUI PRO Kit - Fantasy RPG/ResourcesData/Sprites/Component
  artifactKey: Guid(f9de39217ae3e4a1296b5023fffd8a96) Importer(815301076,1909f56bfc062723c751e8b465ee728b)
Start importing Assets/GUI PRO Kit - Fantasy RPG/ResourcesData/Sprites/Component using Guid(f9de39217ae3e4a1296b5023fffd8a96) Importer(815301076,1909f56bfc062723c751e8b465ee728b)  -> (artifact id: '1fad3797de26e94d59a999b32af4439c') in 0.005412 seconds 
  Import took 0.009907 seconds .

========================================================================
Received Import Request.
  Time since last request: 1.131308 seconds.
  path: Assets/GUI PRO Kit - Fantasy RPG/ResourcesData/Sprites/Component/Label
  artifactKey: Guid(d51ca5e15fa5a4840ae09316a0f1bfd2) Importer(815301076,1909f56bfc062723c751e8b465ee728b)
Start importing Assets/GUI PRO Kit - Fantasy RPG/ResourcesData/Sprites/Component/Label using Guid(d51ca5e15fa5a4840ae09316a0f1bfd2) Importer(815301076,1909f56bfc062723c751e8b465ee728b)  -> (artifact id: '4b1cc053d0e85ee3158c7a718ead0331') in 0.005267 seconds 
  Import took 0.009115 seconds .

========================================================================
Received Import Request.
  Time since last request: 10.084873 seconds.
  path: Assets/GUI PRO Kit - Fantasy RPG/Scripts
  artifactKey: Guid(e1659f1eecc4c45af88b88fea77bc5f3) Importer(815301076,1909f56bfc062723c751e8b465ee728b)
Start importing Assets/GUI PRO Kit - Fantasy RPG/Scripts using Guid(e1659f1eecc4c45af88b88fea77bc5f3) Importer(815301076,1909f56bfc062723c751e8b465ee728b)  -> (artifact id: 'e029b98ec41862ae4a92161a87e73ace') in 0.004894 seconds 
  Import took 0.009502 seconds .

========================================================================
Received Prepare
Registering precompiled user dll's ...
Registered in 0.003065 seconds.
Begin MonoManager ReloadAssembly
Native extension for WindowsStandalone target not found
Native extension for WebGL target not found
Refreshing native plugins compatible for Editor in 0.40 ms, found 3 plugins.
Preloading 0 native plugins for Editor in 0.00 ms.
Mono: successfully reloaded assembly
- Completed reload, in  1.007 seconds
Domain Reload Profiling:
	ReloadAssembly (1008ms)
		BeginReloadAssembly (120ms)
			ExecutionOrderSort (0ms)
			DisableScriptedObjects (7ms)
			BackupInstance (0ms)
			ReleaseScriptingObjects (0ms)
			CreateAndSetChildDomain (33ms)
		EndReloadAssembly (826ms)
			LoadAssemblies (84ms)
			RebuildTransferFunctionScriptingTraits (0ms)
			SetupTypeCache (284ms)
			ReleaseScriptCaches (1ms)
			RebuildScriptCaches (46ms)
			SetupLoadedEditorAssemblies (297ms)
				LogAssemblyErrors (0ms)
				InitializePlatformSupportModulesInManaged (5ms)
				SetLoadedEditorAssemblies (1ms)
				RefreshPlugins (0ms)
				BeforeProcessingInitializeOnLoad (83ms)
				ProcessInitializeOnLoadAttributes (196ms)
				ProcessInitializeOnLoadMethodAttributes (5ms)
				AfterProcessingInitializeOnLoad (6ms)
				EditorAssembliesLoaded (0ms)
			ExecutionOrderSort2 (0ms)
			AwakeInstancesAfterBackupRestoration (10ms)
Platform modules already initialized, skipping
Switching build target platform(19) subTarget(0) extendedPlatform(0) -> platform(13) subTarget(537395200) extendedPlatform(0)
Refreshing native plugins compatible for Editor in 0.40 ms, found 3 plugins.
Preloading 0 native plugins for Editor in 0.00 ms.
Unloading 2104 Unused Serialized files (Serialized files now loaded: 0)
System memory in use before: 96.8 MB.
System memory in use after: 96.9 MB.

Unloading 16 unused Assets to reduce memory usage. Loaded Objects now: 2580.
Total: 3.087700 ms (FindLiveObjects: 0.163600 ms CreateObjectMapping: 0.071300 ms MarkObjects: 2.811400 ms  DeleteObjects: 0.040500 ms)

AssetImportParameters requested are different than current active one (requested -> active):
  custom:framework-win-MediaFoundation: 216162199b28c13a410421893ffa2e32 -> 
  custom:video-decoder-ogg-theora: a1e56fd34408186e4bbccfd4996cb3dc -> 
  custom:container-muxer-webm: aa71ff27fc2769a1b78a27578f13a17b -> 
  custom:container-demuxer-webm: 4f35f7cbe854078d1ac9338744f61a02 -> 
  custom:container-demuxer-ogg: 62fdf1f143b41e24485cea50d1cbac27 -> 
  custom:video-encoder-webm-vp8: eb34c28f22e8b96e1ab97ce403110664 -> 
  custom:video-decoder-webm-vp8: 9c59270c3fd7afecdb556c50c9e8de78 -> 
  custom:graphics/normal-map-encoding: 01000000000000000000000000000000 -> 02000000000000000000000000000000
  custom:audio-decoder-ogg-vorbis: bf7c407c2cedff20999df2af8eb42d56 -> 
  custom:audio-encoder-webm-vorbis: bf7c407c2cedff20999df2af8eb42d56 -> 
========================================================================
Received Prepare
Registering precompiled user dll's ...
Registered in 0.003005 seconds.
Begin MonoManager ReloadAssembly
Native extension for WindowsStandalone target not found
Native extension for WebGL target not found
Refreshing native plugins compatible for Editor in 0.41 ms, found 3 plugins.
Preloading 0 native plugins for Editor in 0.00 ms.
Mono: successfully reloaded assembly
- Completed reload, in  0.969 seconds
Domain Reload Profiling:
	ReloadAssembly (969ms)
		BeginReloadAssembly (119ms)
			ExecutionOrderSort (0ms)
			DisableScriptedObjects (6ms)
			BackupInstance (0ms)
			ReleaseScriptingObjects (0ms)
			CreateAndSetChildDomain (35ms)
		EndReloadAssembly (791ms)
			LoadAssemblies (86ms)
			RebuildTransferFunctionScriptingTraits (0ms)
			SetupTypeCache (259ms)
			ReleaseScriptCaches (1ms)
			RebuildScriptCaches (47ms)
			SetupLoadedEditorAssemblies (281ms)
				LogAssemblyErrors (0ms)
				InitializePlatformSupportModulesInManaged (5ms)
				SetLoadedEditorAssemblies (1ms)
				RefreshPlugins (0ms)
				BeforeProcessingInitializeOnLoad (79ms)
				ProcessInitializeOnLoadAttributes (185ms)
				ProcessInitializeOnLoadMethodAttributes (5ms)
				AfterProcessingInitializeOnLoad (6ms)
				EditorAssembliesLoaded (0ms)
			ExecutionOrderSort2 (0ms)
			AwakeInstancesAfterBackupRestoration (10ms)
Platform modules already initialized, skipping
Switching build target platform(19) subTarget(0) extendedPlatform(0) -> platform(13) subTarget(537395200) extendedPlatform(0)
Refreshing native plugins compatible for Editor in 0.39 ms, found 3 plugins.
Preloading 0 native plugins for Editor in 0.00 ms.
Unloading 2104 Unused Serialized files (Serialized files now loaded: 0)
System memory in use before: 96.8 MB.
System memory in use after: 96.9 MB.

Unloading 14 unused Assets to reduce memory usage. Loaded Objects now: 2583.
Total: 3.081300 ms (FindLiveObjects: 0.180300 ms CreateObjectMapping: 0.073200 ms MarkObjects: 2.811000 ms  DeleteObjects: 0.016000 ms)

AssetImportParameters requested are different than current active one (requested -> active):
  custom:framework-win-MediaFoundation: 216162199b28c13a410421893ffa2e32 -> 
  custom:video-decoder-ogg-theora: a1e56fd34408186e4bbccfd4996cb3dc -> 
  custom:container-muxer-webm: aa71ff27fc2769a1b78a27578f13a17b -> 
  custom:container-demuxer-webm: 4f35f7cbe854078d1ac9338744f61a02 -> 
  custom:container-demuxer-ogg: 62fdf1f143b41e24485cea50d1cbac27 -> 
  custom:video-encoder-webm-vp8: eb34c28f22e8b96e1ab97ce403110664 -> 
  custom:video-decoder-webm-vp8: 9c59270c3fd7afecdb556c50c9e8de78 -> 
  custom:graphics/normal-map-encoding: 01000000000000000000000000000000 -> 02000000000000000000000000000000
  custom:audio-decoder-ogg-vorbis: bf7c407c2cedff20999df2af8eb42d56 -> 
  custom:audio-encoder-webm-vorbis: bf7c407c2cedff20999df2af8eb42d56 -> 
========================================================================
Received Prepare
Registering precompiled user dll's ...
Registered in 0.003007 seconds.
Begin MonoManager ReloadAssembly
Native extension for WindowsStandalone target not found
Native extension for WebGL target not found
Refreshing native plugins compatible for Editor in 0.70 ms, found 3 plugins.
Preloading 0 native plugins for Editor in 0.00 ms.
Mono: successfully reloaded assembly
- Completed reload, in  0.961 seconds
Domain Reload Profiling:
	ReloadAssembly (961ms)
		BeginReloadAssembly (105ms)
			ExecutionOrderSort (0ms)
			DisableScriptedObjects (6ms)
			BackupInstance (0ms)
			ReleaseScriptingObjects (0ms)
			CreateAndSetChildDomain (33ms)
		EndReloadAssembly (795ms)
			LoadAssemblies (82ms)
			RebuildTransferFunctionScriptingTraits (0ms)
			SetupTypeCache (258ms)
			ReleaseScriptCaches (1ms)
			RebuildScriptCaches (42ms)
			SetupLoadedEditorAssemblies (284ms)
				LogAssemblyErrors (0ms)
				InitializePlatformSupportModulesInManaged (6ms)
				SetLoadedEditorAssemblies (1ms)
				RefreshPlugins (1ms)
				BeforeProcessingInitializeOnLoad (83ms)
				ProcessInitializeOnLoadAttributes (182ms)
				ProcessInitializeOnLoadMethodAttributes (5ms)
				AfterProcessingInitializeOnLoad (6ms)
				EditorAssembliesLoaded (0ms)
			ExecutionOrderSort2 (0ms)
			AwakeInstancesAfterBackupRestoration (9ms)
Platform modules already initialized, skipping
Switching build target platform(19) subTarget(0) extendedPlatform(0) -> platform(13) subTarget(537395200) extendedPlatform(0)
Refreshing native plugins compatible for Editor in 0.41 ms, found 3 plugins.
Preloading 0 native plugins for Editor in 0.00 ms.
Unloading 2104 Unused Serialized files (Serialized files now loaded: 0)
System memory in use before: 96.8 MB.
System memory in use after: 96.9 MB.

Unloading 14 unused Assets to reduce memory usage. Loaded Objects now: 2586.
Total: 3.388300 ms (FindLiveObjects: 0.196800 ms CreateObjectMapping: 0.078000 ms MarkObjects: 3.096000 ms  DeleteObjects: 0.016300 ms)

AssetImportParameters requested are different than current active one (requested -> active):
  custom:framework-win-MediaFoundation: 216162199b28c13a410421893ffa2e32 -> 
  custom:video-decoder-ogg-theora: a1e56fd34408186e4bbccfd4996cb3dc -> 
  custom:container-muxer-webm: aa71ff27fc2769a1b78a27578f13a17b -> 
  custom:container-demuxer-webm: 4f35f7cbe854078d1ac9338744f61a02 -> 
  custom:container-demuxer-ogg: 62fdf1f143b41e24485cea50d1cbac27 -> 
  custom:video-encoder-webm-vp8: eb34c28f22e8b96e1ab97ce403110664 -> 
  custom:video-decoder-webm-vp8: 9c59270c3fd7afecdb556c50c9e8de78 -> 
  custom:graphics/normal-map-encoding: 01000000000000000000000000000000 -> 02000000000000000000000000000000
  custom:audio-decoder-ogg-vorbis: bf7c407c2cedff20999df2af8eb42d56 -> 
  custom:audio-encoder-webm-vorbis: bf7c407c2cedff20999df2af8eb42d56 -> 
AssetImportWorkerClient::OnTransportError - code=2 error=End of file
